<?xml version='1.0' encoding='UTF-8'?>
<testsuite hostname="MSI" name="funlang.NameTests" tests="31" errors="0" failures="0" skipped="0" time="0.554" timestamp="2020-11-03T15:12:29">
                     <properties>
[...]
</properties>
                     <testcase classname="funlang.NameTests" name="a top-level variable is unbound" time="0.066">
                                                 
                                               </testcase><testcase classname="funlang.NameTests" name="a bound value is not an error" time="0.056">
                                                 
                                               </testcase><testcase classname="funlang.NameTests" name="an outer binding is visible in an inner block" time="0.02">
                                                 
                                               </testcase><testcase classname="funlang.NameTests" name="a bound value is not visible in its own definition" time="0.012">
                                                 
                                               </testcase><testcase classname="funlang.NameTests" name="a binding doesn't escape to an outer scope" time="0.021">
                                                 
                                               </testcase><testcase classname="funlang.NameTests" name="an unbound value is an error" time="0.033">
                                                 
                                               </testcase><testcase classname="funlang.NameTests" name="a rebinding is an error (val-val)" time="0.01">
                                                 
                                               </testcase><testcase classname="funlang.NameTests" name="a rebinding is an error (val-def)" time="0.029">
                                                 
                                               </testcase><testcase classname="funlang.NameTests" name="a rebinding is an error (def-val)" time="0.009">
                                                 
                                               </testcase><testcase classname="funlang.NameTests" name="using a function argument name is not an error" time="0.012">
                                                 
                                               </testcase><testcase classname="funlang.NameTests" name="using an unbound function argument name is an error" time="0.009">
                                                 
                                               </testcase><testcase classname="funlang.NameTests" name="a nested binding in a block goes away outside the block" time="0.018">
                                                 
                                               </testcase><testcase classname="funlang.NameTests" name="a nested binding in a lambda goes away outside the lambda (argument)" time="0.032">
                                                 
                                               </testcase><testcase classname="funlang.NameTests" name="nested binding of different name is not an error (val-val)" time="0.011">
                                                 
                                               </testcase><testcase classname="funlang.NameTests" name="nested binding of different name is not an error (def-def)" time="0.015">
                                                 
                                               </testcase><testcase classname="funlang.NameTests" name="nested binding of different name is not an error (val-def)" time="0.008">
                                                 
                                               </testcase><testcase classname="funlang.NameTests" name="nested binding of different name is not an error (def-val)" time="0.014">
                                                 
                                               </testcase><testcase classname="funlang.NameTests" name="nested binding of same name is not an error (val-val)" time="0.013">
                                                 
                                               </testcase><testcase classname="funlang.NameTests" name="nested binding of same name is not an error (def-def)" time="0.016">
                                                 
                                               </testcase><testcase classname="funlang.NameTests" name="nested binding of same name is not an error (val-def)" time="0.01">
                                                 
                                               </testcase><testcase classname="funlang.NameTests" name="nested binding of same name is not an error (def-val)" time="0.008">
                                                 
                                               </testcase><testcase classname="funlang.NameTests" name="nested binding of outer name is not an error (val-val)" time="0.009">
                                                 
                                               </testcase><testcase classname="funlang.NameTests" name="nested binding of outer name is not an error (def-def)" time="0.016">
                                                 
                                               </testcase><testcase classname="funlang.NameTests" name="nested binding of outer name is not an error (val-def)" time="0.016">
                                                 
                                               </testcase><testcase classname="funlang.NameTests" name="nested binding of outer name is not an error (def-val)" time="0.027">
                                                 
                                               </testcase><testcase classname="funlang.NameTests" name="nested use of unbound name is an error (val-val)" time="0.008">
                                                 
                                               </testcase><testcase classname="funlang.NameTests" name="nested use of unbound name is an error (def-def)" time="0.01">
                                                 
                                               </testcase><testcase classname="funlang.NameTests" name="backward reference is allowed in same group" time="0.024">
                                                 
                                               </testcase><testcase classname="funlang.NameTests" name="forward reference is not allowed in same group" time="0.006">
                                                 
                                               </testcase><testcase classname="funlang.NameTests" name="backward reference is allowed in different group" time="0.009">
                                                 
                                               </testcase><testcase classname="funlang.NameTests" name="forward reference is not allowed in different group" time="0.007">
                                                 
                                               </testcase>
                     <system-out><![CDATA[]]></system-out>
                     <system-err><![CDATA[]]></system-err>
                   </testsuite>