<?xml version='1.0' encoding='UTF-8'?>
<testsuite hostname="MSI" name="funlang.ExecTests" tests="30" errors="0" failures="0" skipped="0" time="0.263" timestamp="2020-11-03T15:12:30">
                     <properties>
[...]
</properties>
                     <testcase classname="funlang.ExecTests" name="an integer expression evaluates to the correct result" time="0.079">
                                                 
                                               </testcase><testcase classname="funlang.ExecTests" name="an addition expression evaluates to the correct result" time="0.002">
                                                 
                                               </testcase><testcase classname="funlang.ExecTests" name="a true expression evaluates to the correct result" time="0.004">
                                                 
                                               </testcase><testcase classname="funlang.ExecTests" name="a false expression evaluates to the correct result" time="0.001">
                                                 
                                               </testcase><testcase classname="funlang.ExecTests" name="a subtraction expression evaluates to the correct result" time="0.002">
                                                 
                                               </testcase><testcase classname="funlang.ExecTests" name="a multiplication expression evaluates to the correct result" time="0.002">
                                                 
                                               </testcase><testcase classname="funlang.ExecTests" name="a division expression evaluates to the correct result" time="0.002">
                                                 
                                               </testcase><testcase classname="funlang.ExecTests" name="an equality expression evaluates to the correct result (true)" time="0.002">
                                                 
                                               </testcase><testcase classname="funlang.ExecTests" name="an equality expression evaluates to the correct result (false)" time="0.001">
                                                 
                                               </testcase><testcase classname="funlang.ExecTests" name="a less-than expression evaluates to the correct result (true)" time="0.002">
                                                 
                                               </testcase><testcase classname="funlang.ExecTests" name="a less-than expression evaluates to the correct result (false)" time="0.003">
                                                 
                                               </testcase><testcase classname="funlang.ExecTests" name="a multi-operator expression evaluates to the correct result" time="0.004">
                                                 
                                               </testcase><testcase classname="funlang.ExecTests" name="simple expression evaluates to the correct result" time="0.004">
                                                 
                                               </testcase><testcase classname="funlang.ExecTests" name="10 is not &lt; 2" time="0.002">
                                                 
                                               </testcase><testcase classname="funlang.ExecTests" name="10 is &lt; 20" time="0.001">
                                                 
                                               </testcase><testcase classname="funlang.ExecTests" name="10 is not == 2" time="0.002">
                                                 
                                               </testcase><testcase classname="funlang.ExecTests" name="10 is == 10" time="0.003">
                                                 
                                               </testcase><testcase classname="funlang.ExecTests" name="evaluation of operators is in the correct order" time="0.039">
                                                 
                                               </testcase><testcase classname="funlang.ExecTests" name="an if expression evaluates to the correct result" time="0.008">
                                                 
                                               </testcase><testcase classname="funlang.ExecTests" name="a true less-than condition evaluates to the correct result" time="0.003">
                                                 
                                               </testcase><testcase classname="funlang.ExecTests" name="a false less-than condition evaluates to the correct result" time="0.003">
                                                 
                                               </testcase><testcase classname="funlang.ExecTests" name="a false equal condition evaluates to the correct result" time="0.003">
                                                 
                                               </testcase><testcase classname="funlang.ExecTests" name="a true equal condition evaluates to the correct result" time="0.003">
                                                 
                                               </testcase><testcase classname="funlang.ExecTests" name="a true literal condition evaluates to the correct result" time="0.003">
                                                 
                                               </testcase><testcase classname="funlang.ExecTests" name="nested if statments evaluate to the correct result" time="0.005">
                                                 
                                               </testcase><testcase classname="funlang.ExecTests" name="super-duper nested if statement" time="0.016">
                                                 
                                               </testcase><testcase classname="funlang.ExecTests" name="Testing block expressions to show they produce the right result" time="0.014">
                                                 
                                               </testcase><testcase classname="funlang.ExecTests" name="I have an If, I have a function, IfFunction!" time="0.007">
                                                 
                                               </testcase><testcase classname="funlang.ExecTests" name="I have a function, I have a function, FunctionFunction" time="0.018">
                                                 
                                               </testcase><testcase classname="funlang.ExecTests" name="I have a ifFunction, I have a FunctionFunction, IfFunction-FunctionFunction" time="0.025">
                                                 
                                               </testcase>
                     <system-out><![CDATA[]]></system-out>
                     <system-err><![CDATA[]]></system-err>
                   </testsuite>